<?xml version="1.0" encoding="UTF-8"?>
<testsuite name="Utest" tests="1" skipped="0" failures="0" errors="0" timestamp="2021-07-23T01:11:47" hostname="DESKTOP-EV6RDC1" time="32.142">
  <properties/>
  <testcase name="Auto Complete login" classname="Utest" time="32.142"/>
  <system-out><![CDATA[]]></system-out>
  <system-err><![CDATA[[Test worker] WARN net.thucydides.core.steps.BaseStepListener - stepStarted: net.thucydides.core.steps.ExecutedStepDescription@11270223
[Test worker] WARN net.thucydides.core.steps.BaseStepListener - stepStarted: net.thucydides.core.steps.ExecutedStepDescription@28bebf0
[Test worker] WARN net.thucydides.core.steps.BaseStepListener - stepStarted: net.thucydides.core.steps.ExecutedStepDescription@224f205b
jul. 22, 2021 8:11:48 P. M. org.openqa.selenium.remote.DesiredCapabilities chrome
INFORMACIÓN: Using `new ChromeOptions()` is preferred to `DesiredCapabilities.chrome()`
[Test worker] INFO net.serenitybdd.core.webdriver.driverproviders.ProvideNewDriver - Instantiating driver
[Test worker] INFO net.serenitybdd.core.webdriver.driverproviders.ProvideNewDriver - Driver capabilities: Capabilities {acceptInsecureCerts: false, browserName: chrome, chrome.switches: --start-maximized, goog:chromeOptions: {args: [--start-maximized], extensions: []}, loggingPrefs: org.openqa.selenium.logging..., platform: ANY, version: }
Starting ChromeDriver 91.0.4472.101 (af52a90bf87030dd1523486a1cd3ae25c5d76c9b-refs/branch-heads/4472@{#1462}) on port 32839
Only local connections are allowed.
Please see https://chromedriver.chromium.org/security-considerations for suggestions on keeping ChromeDriver safe.
ChromeDriver was started successfully.
jul. 22, 2021 8:12:02 P. M. org.openqa.selenium.remote.ProtocolHandshake createSession
INFORMACIÓN: Detected dialect: W3C
[Test worker] WARN net.thucydides.core.steps.BaseStepListener - stepFinished: current outcome:Auto Complete login:Given than Daniel wants to learn automation at the login in Utest
| strUser | strPassword |
| usuarioPrueba@outlook.com | /Break/2021** | [Daniel open up [Daniel opens the Utest page]]
[Test worker] WARN net.thucydides.core.steps.BaseStepListener - stepFinished: current outcome:Auto Complete login:Given than Daniel wants to learn automation at the login in Utest
| strUser | strPassword |
| usuarioPrueba@outlook.com | /Break/2021** | [Daniel open up [Daniel opens the Utest page]]
[Test worker] WARN net.thucydides.core.steps.BaseStepListener - stepStarted: net.thucydides.core.steps.ExecutedStepDescription@350a339e
[Test worker] WARN net.thucydides.core.steps.BaseStepListener - stepStarted: net.thucydides.core.steps.ExecutedStepDescription@7c568802
[Test worker] WARN net.thucydides.core.steps.BaseStepListener - stepFinished: current outcome:Auto Complete login:Given than Daniel wants to learn automation at the login in Utest
| strUser | strPassword |
| usuarioPrueba@outlook.com | /Break/2021** | [Daniel open up [Daniel opens the Utest page], Daniel login [Daniel clicks on Button that shows us the form to login]]
[Test worker] WARN net.thucydides.core.steps.BaseStepListener - stepStarted: net.thucydides.core.steps.ExecutedStepDescription@5772454a
[Test worker] WARN net.thucydides.core.steps.BaseStepListener - stepFinished: current outcome:Auto Complete login:Given than Daniel wants to learn automation at the login in Utest
| strUser | strPassword |
| usuarioPrueba@outlook.com | /Break/2021** | [Daniel open up [Daniel opens the Utest page], Daniel login [Daniel clicks on Button that shows us the form to login, Daniel enters 'usuarioPrueba@outlook.com' into Where do we write the user]]
[Test worker] WARN net.thucydides.core.steps.BaseStepListener - stepStarted: net.thucydides.core.steps.ExecutedStepDescription@531e8b9d
[Test worker] WARN net.thucydides.core.steps.BaseStepListener - stepFinished: current outcome:Auto Complete login:Given than Daniel wants to learn automation at the login in Utest
| strUser | strPassword |
| usuarioPrueba@outlook.com | /Break/2021** | [Daniel open up [Daniel opens the Utest page], Daniel login [Daniel clicks on Button that shows us the form to login, Daniel enters 'usuarioPrueba@outlook.com' into Where do we write the user, Daniel enters '/Break/2021**' into Where do we write the password]]
[Test worker] WARN net.thucydides.core.steps.BaseStepListener - stepStarted: net.thucydides.core.steps.ExecutedStepDescription@48e4b66e
[Test worker] WARN net.thucydides.core.steps.BaseStepListener - stepFinished: current outcome:Auto Complete login:Given than Daniel wants to learn automation at the login in Utest
| strUser | strPassword |
| usuarioPrueba@outlook.com | /Break/2021** | [Daniel open up [Daniel opens the Utest page], Daniel login [Daniel clicks on Button that shows us the form to login, Daniel enters 'usuarioPrueba@outlook.com' into Where do we write the user, Daniel enters '/Break/2021**' into Where do we write the password, Daniel clicks on Button to confirm login]]
[Test worker] WARN net.thucydides.core.steps.BaseStepListener - stepFinished: current outcome:Auto Complete login:Given than Daniel wants to learn automation at the login in Utest
| strUser | strPassword |
| usuarioPrueba@outlook.com | /Break/2021** | [Daniel open up [Daniel opens the Utest page], Daniel login [Daniel clicks on Button that shows us the form to login, Daniel enters 'usuarioPrueba@outlook.com' into Where do we write the user, Daniel enters '/Break/2021**' into Where do we write the password, Daniel clicks on Button to confirm login]]
[Test worker] WARN net.thucydides.core.steps.BaseStepListener - stepFinished: current outcome:Auto Complete login:Given than Daniel wants to learn automation at the login in Utest
| strUser | strPassword |
| usuarioPrueba@outlook.com | /Break/2021** | [Daniel open up [Daniel opens the Utest page], Daniel login [Daniel clicks on Button that shows us the form to login, Daniel enters 'usuarioPrueba@outlook.com' into Where do we write the user, Daniel enters '/Break/2021**' into Where do we write the password, Daniel clicks on Button to confirm login]]
[Test worker] WARN net.thucydides.core.steps.BaseStepListener - testFinished: Auto Complete login:Given than Daniel wants to learn automation at the login in Utest
| strUser | strPassword |
| usuarioPrueba@outlook.com | /Break/2021** | [Daniel open up [Daniel opens the Utest page], Daniel login [Daniel clicks on Button that shows us the form to login, Daniel enters 'usuarioPrueba@outlook.com' into Where do we write the user, Daniel enters '/Break/2021**' into Where do we write the password, Daniel clicks on Button to confirm login]]
[Test worker] WARN net.thucydides.core.steps.BaseStepListener - TestOutcomes: [Auto Complete login:Given than Daniel wants to learn automation at the login in Utest
| strUser | strPassword |
| usuarioPrueba@outlook.com | /Break/2021** | [Daniel open up [Daniel opens the Utest page], Daniel login [Daniel clicks on Button that shows us the form to login, Daniel enters 'usuarioPrueba@outlook.com' into Where do we write the user, Daniel enters '/Break/2021**' into Where do we write the password, Daniel clicks on Button to confirm login]]]
[Test worker] WARN net.thucydides.core.steps.BaseStepListener - Final testOutcomes: [Auto Complete login:Given than Daniel wants to learn automation at the login in Utest
| strUser | strPassword |
| usuarioPrueba@outlook.com | /Break/2021** | [Daniel open up [Daniel opens the Utest page], Daniel login [Daniel clicks on Button that shows us the form to login, Daniel enters 'usuarioPrueba@outlook.com' into Where do we write the user, Daniel enters '/Break/2021**' into Where do we write the password, Daniel clicks on Button to confirm login]]]
[Test worker] INFO net.thucydides.core.steps.ConsoleLoggingListener - 
        __    _____ _____ ____ _____   ____   _    ____  ____  _____ ____  
  _     \ \  |_   _| ____/ ___|_   _| |  _ \ / \  / ___|/ ___|| ____|  _ \ 
 (_)_____| |   | | |  _| \___ \ | |   | |_) / _ \ \___ \\___ \|  _| | | | |
  _|_____| |   | | | |___ ___) || |   |  __/ ___ \ ___) |___) | |___| |_| |
 (_)     | |   |_| |_____|____/ |_|   |_| /_/   \_\____/|____/|_____|____/ 
        /_/                                                                

TEST PASSED: Auto Complete login
----------------------------------------------------------------------------
]]></system-err>
</testsuite>
