<?xml version="1.0" encoding="UTF-8"?>
<testsuite name="Utest" tests="1" skipped="0" failures="0" errors="0" timestamp="2021-07-18T13:33:24" hostname="DESKTOP-EV6RDC1" time="24.524">
  <properties/>
  <testcase name="Auto Complete login" classname="Utest" time="24.524"/>
  <system-out><![CDATA[]]></system-out>
  <system-err><![CDATA[[Test worker] WARN net.thucydides.core.steps.BaseStepListener - stepStarted: net.thucydides.core.steps.ExecutedStepDescription@2f8628cb
[Test worker] WARN net.thucydides.core.steps.BaseStepListener - stepStarted: net.thucydides.core.steps.ExecutedStepDescription@110f44d3
[Test worker] WARN net.thucydides.core.steps.BaseStepListener - stepStarted: net.thucydides.core.steps.ExecutedStepDescription@54378f7a
jul. 18, 2021 8:33:25 A. M. org.openqa.selenium.remote.DesiredCapabilities chrome
INFORMACIÓN: Using `new ChromeOptions()` is preferred to `DesiredCapabilities.chrome()`
[Test worker] INFO net.serenitybdd.core.webdriver.driverproviders.ProvideNewDriver - Instantiating driver
[Test worker] INFO net.serenitybdd.core.webdriver.driverproviders.ProvideNewDriver - Driver capabilities: Capabilities {acceptInsecureCerts: false, browserName: chrome, chrome.switches: --start-maximized, goog:chromeOptions: {args: [--start-maximized], extensions: []}, loggingPrefs: org.openqa.selenium.logging..., platform: ANY, version: }
Starting ChromeDriver 91.0.4472.101 (af52a90bf87030dd1523486a1cd3ae25c5d76c9b-refs/branch-heads/4472@{#1462}) on port 46926
Only local connections are allowed.
Please see https://chromedriver.chromium.org/security-considerations for suggestions on keeping ChromeDriver safe.
ChromeDriver was started successfully.
jul. 18, 2021 8:33:29 A. M. org.openqa.selenium.remote.ProtocolHandshake createSession
INFORMACIÓN: Detected dialect: W3C
[Test worker] WARN net.thucydides.core.steps.BaseStepListener - stepFinished: current outcome:Auto Complete login:Given than Daniel wants to learn automation at the login in Utest [Daniel open up [Daniel opens the Utest page]]
[Test worker] WARN net.thucydides.core.steps.BaseStepListener - stepFinished: current outcome:Auto Complete login:Given than Daniel wants to learn automation at the login in Utest [Daniel open up [Daniel opens the Utest page]]
[Test worker] WARN net.thucydides.core.steps.BaseStepListener - stepStarted: net.thucydides.core.steps.ExecutedStepDescription@612ff98d
[Test worker] WARN net.thucydides.core.steps.BaseStepListener - stepStarted: net.thucydides.core.steps.ExecutedStepDescription@46dc814d
[Test worker] WARN net.thucydides.core.steps.BaseStepListener - stepFinished: current outcome:Auto Complete login:Given than Daniel wants to learn automation at the login in Utest [Daniel open up [Daniel opens the Utest page], Daniel login [Daniel clicks on Button that shows us the form to login]]
[Test worker] WARN net.thucydides.core.steps.BaseStepListener - stepStarted: net.thucydides.core.steps.ExecutedStepDescription@22c5c30e
[Test worker] WARN net.thucydides.core.steps.BaseStepListener - stepFinished: current outcome:Auto Complete login:Given than Daniel wants to learn automation at the login in Utest [Daniel open up [Daniel opens the Utest page], Daniel login [Daniel clicks on Button that shows us the form to login, Daniel enters 'cerqueradaniel@outlook.com' into Where do we write the user]]
[Test worker] WARN net.thucydides.core.steps.BaseStepListener - stepStarted: net.thucydides.core.steps.ExecutedStepDescription@609381fe
[Test worker] WARN net.thucydides.core.steps.BaseStepListener - stepFinished: current outcome:Auto Complete login:Given than Daniel wants to learn automation at the login in Utest [Daniel open up [Daniel opens the Utest page], Daniel login [Daniel clicks on Button that shows us the form to login, Daniel enters 'cerqueradaniel@outlook.com' into Where do we write the user, Daniel enters '/Break/2021**' into Where do we write the password]]
[Test worker] WARN net.thucydides.core.steps.BaseStepListener - stepStarted: net.thucydides.core.steps.ExecutedStepDescription@52ce9bb2
[Test worker] WARN net.thucydides.core.steps.BaseStepListener - stepFinished: current outcome:Auto Complete login:Given than Daniel wants to learn automation at the login in Utest [Daniel open up [Daniel opens the Utest page], Daniel login [Daniel clicks on Button that shows us the form to login, Daniel enters 'cerqueradaniel@outlook.com' into Where do we write the user, Daniel enters '/Break/2021**' into Where do we write the password, Daniel clicks on Button to confirm login]]
[Test worker] WARN net.thucydides.core.steps.BaseStepListener - stepFinished: current outcome:Auto Complete login:Given than Daniel wants to learn automation at the login in Utest [Daniel open up [Daniel opens the Utest page], Daniel login [Daniel clicks on Button that shows us the form to login, Daniel enters 'cerqueradaniel@outlook.com' into Where do we write the user, Daniel enters '/Break/2021**' into Where do we write the password, Daniel clicks on Button to confirm login]]
[Test worker] WARN net.thucydides.core.steps.BaseStepListener - stepFinished: current outcome:Auto Complete login:Given than Daniel wants to learn automation at the login in Utest [Daniel open up [Daniel opens the Utest page], Daniel login [Daniel clicks on Button that shows us the form to login, Daniel enters 'cerqueradaniel@outlook.com' into Where do we write the user, Daniel enters '/Break/2021**' into Where do we write the password, Daniel clicks on Button to confirm login]]
[Test worker] WARN net.thucydides.core.steps.BaseStepListener - testFinished: Auto Complete login:Given than Daniel wants to learn automation at the login in Utest [Daniel open up [Daniel opens the Utest page], Daniel login [Daniel clicks on Button that shows us the form to login, Daniel enters 'cerqueradaniel@outlook.com' into Where do we write the user, Daniel enters '/Break/2021**' into Where do we write the password, Daniel clicks on Button to confirm login]]
[Test worker] WARN net.thucydides.core.steps.BaseStepListener - TestOutcomes: [Auto Complete login:Given than Daniel wants to learn automation at the login in Utest [Daniel open up [Daniel opens the Utest page], Daniel login [Daniel clicks on Button that shows us the form to login, Daniel enters 'cerqueradaniel@outlook.com' into Where do we write the user, Daniel enters '/Break/2021**' into Where do we write the password, Daniel clicks on Button to confirm login]]]
[Test worker] WARN net.thucydides.core.steps.BaseStepListener - Final testOutcomes: [Auto Complete login:Given than Daniel wants to learn automation at the login in Utest [Daniel open up [Daniel opens the Utest page], Daniel login [Daniel clicks on Button that shows us the form to login, Daniel enters 'cerqueradaniel@outlook.com' into Where do we write the user, Daniel enters '/Break/2021**' into Where do we write the password, Daniel clicks on Button to confirm login]]]
[Test worker] INFO net.thucydides.core.steps.ConsoleLoggingListener - 
        __    _____ _____ ____ _____   ____   _    ____  ____  _____ ____  
  _     \ \  |_   _| ____/ ___|_   _| |  _ \ / \  / ___|/ ___|| ____|  _ \ 
 (_)_____| |   | | |  _| \___ \ | |   | |_) / _ \ \___ \\___ \|  _| | | | |
  _|_____| |   | | | |___ ___) || |   |  __/ ___ \ ___) |___) | |___| |_| |
 (_)     | |   |_| |_____|____/ |_|   |_| /_/   \_\____/|____/|_____|____/ 
        /_/                                                                

TEST PASSED: Auto Complete login
----------------------------------------------------------------------------
]]></system-err>
</testsuite>
